<?xml version="1.0" encoding="UTF-8" ?>
<testsuite tests="12" failures="0" name="com.test.retail.store.RetailStoreTest" time="0.043" errors="0" skipped="0">
  <properties>
[...]
</properties>
  <testcase classname="com.test.retail.store.RetailStoreTest" name="test_getDiscountAsPerCurrentOffer_when_0_price" time="0.001"/>
  <testcase classname="com.test.retail.store.RetailStoreTest" name="test_getDiscountAsPerStorePolicy_when_all_item_selected" time="0.036"/>
  <testcase classname="com.test.retail.store.RetailStoreTest" name="test_getTotalPriceForSelectedItems_when_no_item_selected" time="0.004"/>
  <testcase classname="com.test.retail.store.RetailStoreTest" name="test_getFinalPrice_when_no_discountOptionSelected" time="0"/>
  <testcase classname="com.test.retail.store.RetailStoreTest" name="test_getTotalPriceForSelectedItems_when_one_item_selected" time="0"/>
  <testcase classname="com.test.retail.store.RetailStoreTest" name="test_getTotalPriceForSelectedItems_when_two_item_selected" time="0"/>
  <testcase classname="com.test.retail.store.RetailStoreTest" name="test_getTotalPriceForSelectedItems_when_all_item_selected" time="0"/>
  <testcase classname="com.test.retail.store.RetailStoreTest" name="test_getFinalPrice_when_no_ItemSelected" time="0.001"/>
  <testcase classname="com.test.retail.store.RetailStoreTest" name="test_getFinalPrice" time="0"/>
  <testcase classname="com.test.retail.store.RetailStoreTest" name="test_getDiscountAsPerCurrentOffer" time="0"/>
  <testcase classname="com.test.retail.store.RetailStoreTest" name="test_getDiscountAsPerStorePolicy_when_none_selected" time="0"/>
  <testcase classname="com.test.retail.store.RetailStoreTest" name="test_getFinalPrice_when_no_groceryItemSelected" time="0.001"/>
</testsuite>